D:\YINGCHAODOC2\CODES\TV\CFTV\CFTV\DEBUG\CFTV.EXE.EMBED.MANIFEST
D:\YINGCHAODOC2\CODES\TV\CFTV\CFTV\DEBUG\CFTV.EXE.EMBED.MANIFEST.RES
D:\YINGCHAODOC2\CODES\TV\CFTV\CFTV\DEBUG\CFTV.EXE.INTERMEDIATE.MANIFEST
D:\YingchaoDoc2\codes\TV\CFTV\CFTV\Debug\CFTV.write.1.tlog
D:\YingchaoDoc2\codes\TV\CFTV\CFTV\Debug\CFTV_manifest.rc
D:\YingchaoDoc2\codes\TV\CFTV\CFTV\Debug\cl.command.1.tlog
D:\YingchaoDoc2\codes\TV\CFTV\CFTV\Debug\CL.read.1.tlog
D:\YingchaoDoc2\codes\TV\CFTV\CFTV\Debug\CL.write.1.tlog
D:\YingchaoDoc2\codes\TV\CFTV\CFTV\Debug\link.5616.read.1.tlog
D:\YingchaoDoc2\codes\TV\CFTV\CFTV\Debug\link.5616.write.1.tlog
D:\YingchaoDoc2\codes\TV\CFTV\CFTV\Debug\link.5616-cvtres.read.1.tlog
D:\YingchaoDoc2\codes\TV\CFTV\CFTV\Debug\link.5616-cvtres.write.1.tlog
D:\YingchaoDoc2\codes\TV\CFTV\CFTV\Debug\link.command.1.tlog
D:\YingchaoDoc2\codes\TV\CFTV\CFTV\Debug\link.read.1.tlog
D:\YingchaoDoc2\codes\TV\CFTV\CFTV\Debug\link.write.1.tlog
D:\YingchaoDoc2\codes\TV\CFTV\CFTV\Debug\link-cvtres.read.1.tlog
D:\YingchaoDoc2\codes\TV\CFTV\CFTV\Debug\link-cvtres.write.1.tlog
D:\YINGCHAODOC2\CODES\TV\CFTV\CFTV\DEBUG\MAIN.OBJ
D:\YingchaoDoc2\codes\TV\CFTV\CFTV\Debug\mt.command.1.tlog
D:\YingchaoDoc2\codes\TV\CFTV\CFTV\Debug\mt.read.1.tlog
D:\YingchaoDoc2\codes\TV\CFTV\CFTV\Debug\mt.write.1.tlog
D:\YingchaoDoc2\codes\TV\CFTV\CFTV\Debug\rc.command.1.tlog
D:\YingchaoDoc2\codes\TV\CFTV\CFTV\Debug\rc.read.1.tlog
D:\YingchaoDoc2\codes\TV\CFTV\CFTV\Debug\rc.write.1.tlog
D:\YingchaoDoc2\codes\TV\CFTV\CFTV\Debug\vc100.idb
D:\YINGCHAODOC2\CODES\TV\CFTV\CFTV\DEBUG\VC100.PDB
D:\YINGCHAODOC2\CODES\TV\CFTV\DEBUG\CFTV.EXE
D:\YINGCHAODOC2\CODES\TV\CFTV\DEBUG\CFTV.ILK
D:\YINGCHAODOC2\CODES\TV\CFTV\DEBUG\CFTV.PDB
